Using pre-set license
Built from '2022.3/staging' branch; Version is '2022.3.33f1 (b2c853adf198) revision 11716691'; Using compiler version '192829333'; Build Type 'Release'
OS: 'Windows 11  (10.0.22000) 64bit Professional' Language: 'zh' Physical Memory: 16123 MB
BatchMode: 1, IsHumanControllingUs: 0, StartBugReporterOnCrash: 0, Is64bit: 1, IsPro: 1

COMMAND LINE ARGUMENTS:
F:\unity\2022.3.33f1\Editor\Unity.exe
-adb2
-batchMode
-noUpm
-name
AssetImportWorker2
-projectPath
F:/UnityProgram/2025GoldenDolphin/2025GoldenDolphin/2025GoldenDolphin
-logFile
Logs/AssetImportWorker2.log
-srvPort
63704
Successfully changed project path to: F:/UnityProgram/2025GoldenDolphin/2025GoldenDolphin/2025GoldenDolphin
F:/UnityProgram/2025GoldenDolphin/2025GoldenDolphin/2025GoldenDolphin
[UnityMemory] Configuration Parameters - Can be set up in boot.config
    "memorysetup-bucket-allocator-granularity=16"
    "memorysetup-bucket-allocator-bucket-count=8"
    "memorysetup-bucket-allocator-block-size=33554432"
    "memorysetup-bucket-allocator-block-count=8"
    "memorysetup-main-allocator-block-size=16777216"
    "memorysetup-thread-allocator-block-size=16777216"
    "memorysetup-gfx-main-allocator-block-size=16777216"
    "memorysetup-gfx-thread-allocator-block-size=16777216"
    "memorysetup-cache-allocator-block-size=4194304"
    "memorysetup-typetree-allocator-block-size=2097152"
    "memorysetup-profiler-bucket-allocator-granularity=16"
    "memorysetup-profiler-bucket-allocator-bucket-count=8"
    "memorysetup-profiler-bucket-allocator-block-size=33554432"
    "memorysetup-profiler-bucket-allocator-block-count=8"
    "memorysetup-profiler-allocator-block-size=16777216"
    "memorysetup-profiler-editor-allocator-block-size=1048576"
    "memorysetup-temp-allocator-size-main=16777216"
    "memorysetup-job-temp-allocator-block-size=2097152"
    "memorysetup-job-temp-allocator-block-size-background=1048576"
    "memorysetup-job-temp-allocator-reduction-small-platforms=262144"
    "memorysetup-allocator-temp-initial-block-size-main=262144"
    "memorysetup-allocator-temp-initial-block-size-worker=262144"
    "memorysetup-temp-allocator-size-background-worker=32768"
    "memorysetup-temp-allocator-size-job-worker=262144"
    "memorysetup-temp-allocator-size-preload-manager=33554432"
    "memorysetup-temp-allocator-size-nav-mesh-worker=65536"
    "memorysetup-temp-allocator-size-audio-worker=65536"
    "memorysetup-temp-allocator-size-cloud-worker=32768"
    "memorysetup-temp-allocator-size-gi-baking-worker=262144"
    "memorysetup-temp-allocator-size-gfx=262144"
Player connection [26368] Host "[IP] 192.168.56.1 [Port] 0 [Flags] 2 [Guid] 498923702 [EditorId] 498923702 [Version] 1048832 [Id] WindowsEditor(7,DESKTOP-72KUUV7) [Debug] 1 [PackageName] WindowsEditor [ProjectName] Editor" joined multi-casting on [225.0.0.222:54997]...

Player connection [26368] Host "[IP] 192.168.56.1 [Port] 0 [Flags] 2 [Guid] 498923702 [EditorId] 498923702 [Version] 1048832 [Id] WindowsEditor(7,DESKTOP-72KUUV7) [Debug] 1 [PackageName] WindowsEditor [ProjectName] Editor" joined alternative multi-casting on [225.0.0.222:34997]...

[PhysX] Initialized MultithreadedTaskDispatcher with 16 workers.
Refreshing native plugins compatible for Editor in 30.49 ms, found 3 plugins.
Preloading 0 native plugins for Editor in 0.00 ms.
Initialize engine version: 2022.3.33f1 (b2c853adf198)
[Subsystems] Discovering subsystems at path F:/unity/2022.3.33f1/Editor/Data/Resources/UnitySubsystems
[Subsystems] Discovering subsystems at path F:/UnityProgram/2025GoldenDolphin/2025GoldenDolphin/2025GoldenDolphin/Assets
GfxDevice: creating device client; threaded=0; jobified=0
Direct3D:
    Version:  Direct3D 11.0 [level 11.1]
    Renderer: Intel(R) Iris(R) Xe Graphics (ID=0xa7a0)
    Vendor:   Intel
    VRAM:     8061 MB
    Driver:   32.0.101.6987
Initialize mono
Mono path[0] = 'F:/unity/2022.3.33f1/Editor/Data/Managed'
Mono path[1] = 'F:/unity/2022.3.33f1/Editor/Data/MonoBleedingEdge/lib/mono/unityjit-win32'
Mono config path = 'F:/unity/2022.3.33f1/Editor/Data/MonoBleedingEdge/etc'
Using monoOptions --debugger-agent=transport=dt_socket,embedding=1,server=y,suspend=n,address=127.0.0.1:56364
Begin MonoManager ReloadAssembly
Registering precompiled unity dll's ...
Register platform support module: F:/unity/2022.3.33f1/Editor/Data/PlaybackEngines/WindowsStandaloneSupport/UnityEditor.WindowsStandalone.Extensions.dll
Registered in 0.008888 seconds.
- Loaded All Assemblies, in  0.594 seconds
Native extension for WindowsStandalone target not found
Mono: successfully reloaded assembly
- Finished resetting the current domain, in  0.274 seconds
Domain Reload Profiling: 866ms
	BeginReloadAssembly (325ms)
		ExecutionOrderSort (0ms)
		DisableScriptedObjects (0ms)
		BackupInstance (0ms)
		ReleaseScriptingObjects (0ms)
		CreateAndSetChildDomain (1ms)
	RebuildCommonClasses (31ms)
	RebuildNativeTypeToScriptingClass (8ms)
	initialDomainReloadingComplete (79ms)
	LoadAllAssembliesAndSetupDomain (148ms)
		LoadAssemblies (321ms)
		RebuildTransferFunctionScriptingTraits (0ms)
		AnalyzeDomain (146ms)
			TypeCache.Refresh (145ms)
				TypeCache.ScanAssembly (130ms)
			ScanForSourceGeneratedMonoScriptInfo (0ms)
			ResolveRequiredComponents (0ms)
	FinalizeReload (275ms)
		ReleaseScriptCaches (0ms)
		RebuildScriptCaches (0ms)
		SetupLoadedEditorAssemblies (223ms)
			LogAssemblyErrors (0ms)
			InitializePlatformSupportModulesInManaged (9ms)
			SetLoadedEditorAssemblies (7ms)
			RefreshPlugins (0ms)
			BeforeProcessingInitializeOnLoad (2ms)
			ProcessInitializeOnLoadAttributes (157ms)
			ProcessInitializeOnLoadMethodAttributes (48ms)
			AfterProcessingInitializeOnLoad (0ms)
			EditorAssembliesLoaded (0ms)
		ExecutionOrderSort2 (0ms)
		AwakeInstancesAfterBackupRestoration (0ms)
========================================================================
Worker process is ready to serve import requests
Begin MonoManager ReloadAssembly
- Loaded All Assemblies, in  0.967 seconds
Refreshing native plugins compatible for Editor in 9.49 ms, found 3 plugins.
Native extension for WindowsStandalone target not found
Mono: successfully reloaded assembly
- Finished resetting the current domain, in  1.019 seconds
Domain Reload Profiling: 1982ms
	BeginReloadAssembly (204ms)
		ExecutionOrderSort (0ms)
		DisableScriptedObjects (4ms)
		BackupInstance (0ms)
		ReleaseScriptingObjects (0ms)
		CreateAndSetChildDomain (21ms)
	RebuildCommonClasses (29ms)
	RebuildNativeTypeToScriptingClass (10ms)
	initialDomainReloadingComplete (47ms)
	LoadAllAssembliesAndSetupDomain (673ms)
		LoadAssemblies (632ms)
		RebuildTransferFunctionScriptingTraits (0ms)
		AnalyzeDomain (188ms)
			TypeCache.Refresh (163ms)
				TypeCache.ScanAssembly (151ms)
			ScanForSourceGeneratedMonoScriptInfo (16ms)
			ResolveRequiredComponents (7ms)
	FinalizeReload (1019ms)
		ReleaseScriptCaches (0ms)
		RebuildScriptCaches (0ms)
		SetupLoadedEditorAssemblies (881ms)
			LogAssemblyErrors (0ms)
			InitializePlatformSupportModulesInManaged (5ms)
			SetLoadedEditorAssemblies (3ms)
			RefreshPlugins (0ms)
			BeforeProcessingInitializeOnLoad (61ms)
			ProcessInitializeOnLoadAttributes (709ms)
			ProcessInitializeOnLoadMethodAttributes (93ms)
			AfterProcessingInitializeOnLoad (10ms)
			EditorAssembliesLoaded (0ms)
		ExecutionOrderSort2 (0ms)
		AwakeInstancesAfterBackupRestoration (8ms)
Launched and connected shader compiler UnityShaderCompiler.exe after 0.13 seconds
Refreshing native plugins compatible for Editor in 5.71 ms, found 3 plugins.
Preloading 0 native plugins for Editor in 0.00 ms.
Unloading 4424 Unused Serialized files (Serialized files now loaded: 0)
Unloading 56 unused Assets / (132.4 KB). Loaded Objects now: 4891.
Memory consumption went from 163.8 MB to 163.6 MB.
Total: 3.845900 ms (FindLiveObjects: 0.459000 ms CreateObjectMapping: 0.114500 ms MarkObjects: 3.154300 ms  DeleteObjects: 0.117100 ms)

AssetImportParameters requested are different than current active one (requested -> active):
  custom:container-demuxer-ogg: 62fdf1f143b41e24485cea50d1cbac27 -> 
  custom:video-decoder-ogg-theora: a1e56fd34408186e4bbccfd4996cb3dc -> 
  custom:framework-win-MediaFoundation: 216162199b28c13a410421893ffa2e32 -> 
  custom:CustomObjectIndexerAttribute: 9a22284fe3817be447336de3de66b15e -> 
  custom:container-demuxer-webm: 4f35f7cbe854078d1ac9338744f61a02 -> 
  custom:container-muxer-webm: aa71ff27fc2769a1b78a27578f13a17b -> 
  custom:video-decoder-webm-vp8: 9c59270c3fd7afecdb556c50c9e8de78 -> 
  custom:SearchIndexIgnoredProperties: e643bd26f0fe6173181afceb89e7c659 -> 
  custom:AudioImporter_EditorPlatform: d09bf68614088b80899f8185d706f6e7 -> 
  custom:video-encoder-webm-vp8: eb34c28f22e8b96e1ab97ce403110664 -> 
  custom:audio-decoder-ogg-vorbis: bf7c407c2cedff20999df2af8eb42d56 -> 
  custom:audio-encoder-webm-vorbis: bf7c407c2cedff20999df2af8eb42d56 -> 
  custom:scripting/monoscript/fileName/V_Skeleton_Updater.cs:  -> 7c3ffa0ab756b2810185ea29f11180a6
  custom:scripting/monoscript/fileName/BodyPart.cs:  -> 1b0f7f40400c5d8ee4afcdd2a04c2f0b
  custom:scripting/monoscript/fileName/UVType.cs:  -> a7c02d1e1573050ce7152960d1c24518
  custom:scripting/monoscript/fileName/V_UnitAnimation.cs:  -> 914758bf3a47f4a91d9883179261c8f3
  custom:scripting/monoscript/fileName/V_Skeleton_Frame.cs:  -> 4d53dc2b9d29ddecf6e19646e9111335
  custom:scripting/precompiled-assembly-types:V_Animation:  -> 0c730fbf82db05bdcb50367338d700de
  custom:scripting/monoscript/fileName/V_Skeleton_Anim.cs:  -> f1a8f9ec35729346b78f35526509ab8f
  custom:scripting/monoscript/fileName/V_UnitSkeleton.cs:  -> d27d4f24e673a1d29a9609f5293c3e00
  custom:scripting/monoscript/fileName/SaveSystem.cs:  -> 0b340fba4c57cd1478e6d7ebdf82a93e
  custom:scripting/monoscript/fileName/UnitAnim.cs:  -> ea257c05d670d15f5a97c139e2268b78
  custom:scripting/monoscript/fileName/UnitAnimType.cs:  -> e2a23c35690bf7fcd983a8476346d74a
  custom:scripting/monoscript/fileName/CLZF2.cs:  -> 15423c5f70c1b4d282f6082e99970eb1
  custom:scripting/monoscript/fileName/V_Animation.cs:  -> 5042778c0de172b11ae4826713039afd
========================================================================
Received Import Request.
  Time since last request: 11029.579786 seconds.
  path: Assets/_/Base/2DRenderer.asset
  artifactKey: Guid(ed10a5df6f26b374193c068a65e675a7) Importer(815301076,1909f56bfc062723c751e8b465ee728b)
Start importing Assets/_/Base/2DRenderer.asset using Guid(ed10a5df6f26b374193c068a65e675a7) Importer(815301076,1909f56bfc062723c751e8b465ee728b) [PhysX] Initialized MultithreadedTaskDispatcher with 16 workers.
 -> (artifact id: 'd871a418331cbeebc2978f67444d56a0') in 0.003798 seconds
Number of updated asset objects reloaded before import = 0
Number of asset objects unloaded after import = 1
========================================================================
Received Import Request.
  Time since last request: 0.000024 seconds.
  path: Assets/_/Base/SimpleBlitForwardRendererData.asset
  artifactKey: Guid(90b65a331287eb840b2fc2abd7503c3e) Importer(815301076,1909f56bfc062723c751e8b465ee728b)
Start importing Assets/_/Base/SimpleBlitForwardRendererData.asset using Guid(90b65a331287eb840b2fc2abd7503c3e) Importer(815301076,1909f56bfc062723c751e8b465ee728b) [PhysX] Initialized MultithreadedTaskDispatcher with 16 workers.
 -> (artifact id: 'f76aecf9490d82cbac1b848fed59b3ec') in 0.001718 seconds
Number of updated asset objects reloaded before import = 0
Number of asset objects unloaded after import = 2
========================================================================
Received Import Request.
  Time since last request: 0.000019 seconds.
  path: Assets/_/Base/UniversalRenderPipelineAsset3D.asset
  artifactKey: Guid(791b707f8c56c3c439cdf1e8977a149a) Importer(815301076,1909f56bfc062723c751e8b465ee728b)
Start importing Assets/_/Base/UniversalRenderPipelineAsset3D.asset using Guid(791b707f8c56c3c439cdf1e8977a149a) Importer(815301076,1909f56bfc062723c751e8b465ee728b) [PhysX] Initialized MultithreadedTaskDispatcher with 16 workers.
 -> (artifact id: 'f11152cec830766e32d29297455371f6') in 0.001527 seconds
Number of updated asset objects reloaded before import = 0
Number of asset objects unloaded after import = 1
========================================================================
Received Import Request.
  Time since last request: 0.000023 seconds.
  path: Assets/_/Base/UniversalRenderPipelineAsset.asset
  artifactKey: Guid(da422ab582ee5dc4aaa1763c7a37cbc2) Importer(815301076,1909f56bfc062723c751e8b465ee728b)
Start importing Assets/_/Base/UniversalRenderPipelineAsset.asset using Guid(da422ab582ee5dc4aaa1763c7a37cbc2) Importer(815301076,1909f56bfc062723c751e8b465ee728b) [PhysX] Initialized MultithreadedTaskDispatcher with 16 workers.
 -> (artifact id: 'd9534c0603eda0bcb1eb2d6af543fc95') in 0.001720 seconds
Number of updated asset objects reloaded before import = 0
Number of asset objects unloaded after import = 1
========================================================================
Received Import Request.
  Time since last request: 7.181984 seconds.
  path: Assets/InventoryTetris/Textures/GridBackground.psd
  artifactKey: Guid(20b8ba606d245e44daaa029221887240) Importer(815301076,1909f56bfc062723c751e8b465ee728b)
Start importing Assets/InventoryTetris/Textures/GridBackground.psd using Guid(20b8ba606d245e44daaa029221887240) Importer(815301076,1909f56bfc062723c751e8b465ee728b) [PhysX] Initialized MultithreadedTaskDispatcher with 16 workers.
[PhysX] Initialized MultithreadedTaskDispatcher with 16 workers.
 -> (artifact id: '071aee5755409af2bfd6df8299ac1f41') in 0.090773 seconds
Number of updated asset objects reloaded before import = 0
Number of asset objects unloaded after import = 3
========================================================================
Received Import Request.
  Time since last request: 49.190962 seconds.
  path: Assets/_/GridBuildingSystem
  artifactKey: Guid(b4a52913d8a501043ba4773b7e387748) Importer(815301076,1909f56bfc062723c751e8b465ee728b)
Start importing Assets/_/GridBuildingSystem using Guid(b4a52913d8a501043ba4773b7e387748) Importer(815301076,1909f56bfc062723c751e8b465ee728b) [PhysX] Initialized MultithreadedTaskDispatcher with 16 workers.
 -> (artifact id: 'f84a2af3f1fdc1b85c4542836f45032f') in 0.000611 seconds
Number of updated asset objects reloaded before import = 0
Number of asset objects unloaded after import = 0
========================================================================
Received Import Request.
  Time since last request: 12.899015 seconds.
  path: Assets/InventoryTetris/GameScene_InventoryTetris.unity
  artifactKey: Guid(bce57fc958d15a744801939f9192d101) Importer(815301076,1909f56bfc062723c751e8b465ee728b)
Start importing Assets/InventoryTetris/GameScene_InventoryTetris.unity using Guid(bce57fc958d15a744801939f9192d101) Importer(815301076,1909f56bfc062723c751e8b465ee728b) [PhysX] Initialized MultithreadedTaskDispatcher with 16 workers.
 -> (artifact id: '524cb4891dd7cdc2df2ff6d85a5600c1') in 0.000535 seconds
Number of updated asset objects reloaded before import = 0
Number of asset objects unloaded after import = 0
========================================================================
Received Import Request.
  Time since last request: 84.694210 seconds.
  path: Assets/InventoryTetris/ItemSO/Ammo.asset
  artifactKey: Guid(17d2d197e5567d44ebfb0b9a2c1d2285) Importer(815301076,1909f56bfc062723c751e8b465ee728b)
Start importing Assets/InventoryTetris/ItemSO/Ammo.asset using Guid(17d2d197e5567d44ebfb0b9a2c1d2285) Importer(815301076,1909f56bfc062723c751e8b465ee728b) [PhysX] Initialized MultithreadedTaskDispatcher with 16 workers.
 -> (artifact id: '3a315b15a6e80ce42a6649ee93b417c3') in 0.001311 seconds
Number of updated asset objects reloaded before import = 22
Number of asset objects unloaded after import = 1
========================================================================
Received Import Request.
  Time since last request: 0.090273 seconds.
  path: Assets/InventoryTetris/ItemSO/Katana.asset
  artifactKey: Guid(9e77a741d89106544b052d1f71f3cd94) Importer(815301076,1909f56bfc062723c751e8b465ee728b)
Start importing Assets/InventoryTetris/ItemSO/Katana.asset using Guid(9e77a741d89106544b052d1f71f3cd94) Importer(815301076,1909f56bfc062723c751e8b465ee728b) [PhysX] Initialized MultithreadedTaskDispatcher with 16 workers.
 -> (artifact id: '0b9bcee39ffa01ce7f13b2dbdcedfbda') in 0.001253 seconds
Number of updated asset objects reloaded before import = 0
Number of asset objects unloaded after import = 1
========================================================================
Received Import Request.
  Time since last request: 0.000020 seconds.
  path: Assets/InventoryTetris/ItemSO/Pistol.asset
  artifactKey: Guid(32ab6ed60b5952c4f935522a536a62d5) Importer(815301076,1909f56bfc062723c751e8b465ee728b)
Start importing Assets/InventoryTetris/ItemSO/Pistol.asset using Guid(32ab6ed60b5952c4f935522a536a62d5) Importer(815301076,1909f56bfc062723c751e8b465ee728b) [PhysX] Initialized MultithreadedTaskDispatcher with 16 workers.
 -> (artifact id: 'cfad8e914abead90e5a388aa7ea06232') in 0.001182 seconds
Number of updated asset objects reloaded before import = 0
Number of asset objects unloaded after import = 1
========================================================================
Received Import Request.
  Time since last request: 0.000033 seconds.
  path: Assets/InventoryTetris/ItemSO/Money.asset
  artifactKey: Guid(126007ae796f8c44696f4dc31350e046) Importer(815301076,1909f56bfc062723c751e8b465ee728b)
Start importing Assets/InventoryTetris/ItemSO/Money.asset using Guid(126007ae796f8c44696f4dc31350e046) Importer(815301076,1909f56bfc062723c751e8b465ee728b) [PhysX] Initialized MultithreadedTaskDispatcher with 16 workers.
 -> (artifact id: '0b75562eb40b936c7081afb1d0a11afb') in 0.001334 seconds
Number of updated asset objects reloaded before import = 0
Number of asset objects unloaded after import = 1
========================================================================
Received Prepare
Begin MonoManager ReloadAssembly
- Loaded All Assemblies, in  0.622 seconds
Refreshing native plugins compatible for Editor in 5.62 ms, found 3 plugins.
Native extension for WindowsStandalone target not found
Mono: successfully reloaded assembly
- Finished resetting the current domain, in  1.684 seconds
Domain Reload Profiling: 2302ms
	BeginReloadAssembly (193ms)
		ExecutionOrderSort (0ms)
		DisableScriptedObjects (4ms)
		BackupInstance (0ms)
		ReleaseScriptingObjects (0ms)
		CreateAndSetChildDomain (47ms)
	RebuildCommonClasses (28ms)
	RebuildNativeTypeToScriptingClass (24ms)
	initialDomainReloadingComplete (29ms)
	LoadAllAssembliesAndSetupDomain (343ms)
		LoadAssemblies (423ms)
		RebuildTransferFunctionScriptingTraits (0ms)
		AnalyzeDomain (25ms)
			TypeCache.Refresh (6ms)
				TypeCache.ScanAssembly (0ms)
			ScanForSourceGeneratedMonoScriptInfo (9ms)
			ResolveRequiredComponents (8ms)
	FinalizeReload (1684ms)
		ReleaseScriptCaches (0ms)
		RebuildScriptCaches (0ms)
		SetupLoadedEditorAssemblies (602ms)
			LogAssemblyErrors (0ms)
			InitializePlatformSupportModulesInManaged (5ms)
			SetLoadedEditorAssemblies (4ms)
			RefreshPlugins (0ms)
			BeforeProcessingInitializeOnLoad (66ms)
			ProcessInitializeOnLoadAttributes (489ms)
			ProcessInitializeOnLoadMethodAttributes (29ms)
			AfterProcessingInitializeOnLoad (7ms)
			EditorAssembliesLoaded (0ms)
		ExecutionOrderSort2 (0ms)
		AwakeInstancesAfterBackupRestoration (8ms)
Refreshing native plugins compatible for Editor in 3.68 ms, found 3 plugins.
Preloading 0 native plugins for Editor in 0.00 ms.
Unloading 3979 Unused Serialized files (Serialized files now loaded: 0)
Unloading 442 unused Assets / (1.0 MB). Loaded Objects now: 4495.
Memory consumption went from 150.3 MB to 149.3 MB.
Total: 3.630300 ms (FindLiveObjects: 0.239200 ms CreateObjectMapping: 0.096100 ms MarkObjects: 2.592400 ms  DeleteObjects: 0.701300 ms)

Prepare: number of updated asset objects reloaded= 0
AssetImportParameters requested are different than current active one (requested -> active):
  custom:container-demuxer-ogg: 62fdf1f143b41e24485cea50d1cbac27 -> 
  custom:video-decoder-ogg-theora: a1e56fd34408186e4bbccfd4996cb3dc -> 
  custom:framework-win-MediaFoundation: 216162199b28c13a410421893ffa2e32 -> 
  custom:CustomObjectIndexerAttribute: 9a22284fe3817be447336de3de66b15e -> 
  custom:container-demuxer-webm: 4f35f7cbe854078d1ac9338744f61a02 -> 
  custom:container-muxer-webm: aa71ff27fc2769a1b78a27578f13a17b -> 
  custom:video-decoder-webm-vp8: 9c59270c3fd7afecdb556c50c9e8de78 -> 
  custom:SearchIndexIgnoredProperties: e643bd26f0fe6173181afceb89e7c659 -> 
  custom:AudioImporter_EditorPlatform: d09bf68614088b80899f8185d706f6e7 -> 
  custom:video-encoder-webm-vp8: eb34c28f22e8b96e1ab97ce403110664 -> 
  custom:audio-decoder-ogg-vorbis: bf7c407c2cedff20999df2af8eb42d56 -> 
  custom:audio-encoder-webm-vorbis: bf7c407c2cedff20999df2af8eb42d56 -> 
  custom:scripting/monoscript/fileName/V_Skeleton_Updater.cs:  -> 7c3ffa0ab756b2810185ea29f11180a6
  custom:scripting/monoscript/fileName/BodyPart.cs:  -> 1b0f7f40400c5d8ee4afcdd2a04c2f0b
  custom:scripting/monoscript/fileName/UVType.cs:  -> a7c02d1e1573050ce7152960d1c24518
  custom:scripting/monoscript/fileName/V_UnitAnimation.cs:  -> 914758bf3a47f4a91d9883179261c8f3
  custom:scripting/monoscript/fileName/V_Skeleton_Frame.cs:  -> 4d53dc2b9d29ddecf6e19646e9111335
  custom:scripting/monoscript/fileName/V_Skeleton_Anim.cs:  -> f1a8f9ec35729346b78f35526509ab8f
  custom:scripting/monoscript/fileName/V_UnitSkeleton.cs:  -> d27d4f24e673a1d29a9609f5293c3e00
  custom:scripting/monoscript/fileName/SaveSystem.cs:  -> 0b340fba4c57cd1478e6d7ebdf82a93e
  custom:scripting/monoscript/fileName/UnitAnim.cs:  -> ea257c05d670d15f5a97c139e2268b78
  custom:scripting/monoscript/fileName/UnitAnimType.cs:  -> e2a23c35690bf7fcd983a8476346d74a
  custom:scripting/monoscript/fileName/CLZF2.cs:  -> 15423c5f70c1b4d282f6082e99970eb1
  custom:scripting/monoscript/fileName/V_Animation.cs:  -> 5042778c0de172b11ae4826713039afd
Editor requested this worker to shutdown with reason: Scaling down because of idle timeout
TcpMessagingSession - receive error: operation aborted. errorcode: 995, details: ÓÉÓÚĎßłĚÍËłö»ňÓ¦ÓĂłĚĐňÇëÇóŁ¬ŇŃÖĐÖą I/O ˛Ů×÷ˇŁ
AssetImportWorker is now disconnected from the server
Process exiting
Exiting without the bug reporter. Application will terminate with return code 0